[2020-04-03 16:14:59.086] [exthost] [info] extension host started
[2020-04-03 16:14:59.105] [exthost] [info] ExtensionService#_doActivateExtension vscode.debug-auto-launch {"startup":true,"extensionId":{"value":"vscode.debug-auto-launch","_lower":"vscode.debug-auto-launch"},"activationEvent":"*"}
[2020-04-03 16:14:59.106] [exthost] [info] ExtensionService#loadCommonJSModule file:///usr/share/code/resources/app/extensions/debug-auto-launch/dist/extension
[2020-04-03 16:14:59.318] [exthost] [info] ExtensionService#_doActivateExtension vscode.emmet {"startup":true,"extensionId":{"value":"vscode.emmet","_lower":"vscode.emmet"},"activationEvent":"*"}
[2020-04-03 16:14:59.318] [exthost] [info] ExtensionService#loadCommonJSModule file:///usr/share/code/resources/app/extensions/emmet/dist/extension
[2020-04-03 16:14:59.433] [exthost] [info] ExtensionService#_doActivateExtension vscode.git {"startup":true,"extensionId":{"value":"vscode.git","_lower":"vscode.git"},"activationEvent":"*"}
[2020-04-03 16:14:59.434] [exthost] [info] ExtensionService#loadCommonJSModule file:///usr/share/code/resources/app/extensions/git/dist/main
[2020-04-03 16:14:59.719] [exthost] [info] ExtensionService#_doActivateExtension vscode.github-authentication {"startup":true,"extensionId":{"value":"vscode.github-authentication","_lower":"vscode.github-authentication"},"activationEvent":"*"}
[2020-04-03 16:14:59.720] [exthost] [info] ExtensionService#loadCommonJSModule file:///usr/share/code/resources/app/extensions/github-authentication/dist/extension.js
[2020-04-03 16:14:59.749] [exthost] [info] ExtensionService#_doActivateExtension vscode.merge-conflict {"startup":true,"extensionId":{"value":"vscode.merge-conflict","_lower":"vscode.merge-conflict"},"activationEvent":"*"}
[2020-04-03 16:14:59.749] [exthost] [info] ExtensionService#loadCommonJSModule file:///usr/share/code/resources/app/extensions/merge-conflict/dist/extension
[2020-04-03 16:14:59.799] [exthost] [info] ExtensionService#_doActivateExtension vscode.search-result {"startup":true,"extensionId":{"value":"vscode.search-result","_lower":"vscode.search-result"},"activationEvent":"*"}
[2020-04-03 16:14:59.799] [exthost] [info] ExtensionService#loadCommonJSModule file:///usr/share/code/resources/app/extensions/search-result/dist/extension.js
[2020-04-03 16:14:59.822] [exthost] [info] ExtensionService#_doActivateExtension vscode.vscode-account {"startup":true,"extensionId":{"value":"vscode.vscode-account","_lower":"vscode.vscode-account"},"activationEvent":"*"}
[2020-04-03 16:14:59.822] [exthost] [info] ExtensionService#loadCommonJSModule file:///usr/share/code/resources/app/extensions/vscode-account/dist/extension.js
[2020-04-03 16:14:59.858] [exthost] [info] ExtensionService#_doActivateExtension vscode.npm {"startup":true,"extensionId":{"value":"vscode.npm","_lower":"vscode.npm"},"activationEvent":"workspaceContains:package.json"}
[2020-04-03 16:14:59.858] [exthost] [info] ExtensionService#loadCommonJSModule file:///usr/share/code/resources/app/extensions/npm/dist/main
[2020-04-03 16:15:00.090] [exthost] [info] eager extensions activated
[2020-04-03 16:15:05.556] [exthost] [info] ExtensionService#_doActivateExtension jnbt.vscode-rufo {"startup":false,"extensionId":{"value":"jnbt.vscode-rufo","_lower":"jnbt.vscode-rufo"},"activationEvent":"onLanguage:ruby"}
[2020-04-03 16:15:05.556] [exthost] [info] ExtensionService#loadCommonJSModule file:///root/.vscode/extensions/jnbt.vscode-rufo-0.0.1/out/extension
[2020-04-03 16:15:05.999] [exthost] [info] ExtensionService#_doActivateExtension rebornix.ruby {"startup":false,"extensionId":{"value":"rebornix.ruby","_lower":"rebornix.ruby"},"activationEvent":"onLanguage:ruby"}
[2020-04-03 16:15:06.000] [exthost] [info] ExtensionService#loadCommonJSModule file:///root/.vscode/extensions/rebornix.ruby-0.27.0/dist/client/ruby.js
[2020-04-03 16:28:57.700] [exthost] [info] ExtensionService#_doActivateExtension vscode.css-language-features {"startup":false,"extensionId":{"value":"vscode.css-language-features","_lower":"vscode.css-language-features"},"activationEvent":"onLanguage:css"}
[2020-04-03 16:28:57.701] [exthost] [info] ExtensionService#loadCommonJSModule file:///usr/share/code/resources/app/extensions/css-language-features/client/dist/cssMain
[2020-04-03 16:38:43.893] [exthost] [info] ExtensionService#_doActivateExtension vscode.html-language-features {"startup":false,"extensionId":{"value":"vscode.html-language-features","_lower":"vscode.html-language-features"},"activationEvent":"onLanguage:html"}
[2020-04-03 16:38:43.894] [exthost] [info] ExtensionService#loadCommonJSModule file:///usr/share/code/resources/app/extensions/html-language-features/client/dist/htmlMain
